# JRE version: OpenJDK Runtime Environment (15.0.1+9) (build 15.0.1+9-18)
# Java VM: OpenJDK 64-Bit Server VM (15.0.1+9-18, mixed mode, tiered, compressed oops, g1 gc, windows-amd64)
GC Precious Log:
 CPUs: 4 total, 4 available
 Memory: 7878M
 Large Page Support: Disabled
 NUMA Support: Disabled
 Compressed Oops: Enabled (32-bit)
 Heap Region Size: 1M
 Heap Min Capacity: 8M
 Heap Initial Capacity: 124M
 Heap Max Capacity: 1970M
 Pre-touch: Disabled
 Parallel Workers: 4
 Concurrent Workers: 1
 Concurrent Refinement Workers: 4
 Periodic GC: Disabled
Heap:
 garbage-first heap   total 54272K, used 44223K [0x0000000084e00000, 0x0000000100000000)
  region size 1024K, 25 young (25600K), 1 survivors (1024K)
 Metaspace       used 31370K, capacity 31706K, committed 31872K, reserved 1077248K
  class space    used 3596K, capacity 3696K, committed 3712K, reserved 1048576K
GC Heap History (20 events):
Event: 0.688 GC heap after
{Heap after GC invocations=1 (full 0):
 garbage-first heap   total 126976K, used 5047K [0x0000000084e00000, 0x0000000100000000)
  region size 1024K, 2 young (2048K), 2 survivors (2048K)
 Metaspace       used 6336K, capacity 6379K, committed 6528K, reserved 1056768K
  class space    used 529K, capacity 553K, committed 640K, reserved 1048576K
}
Event: 1.289 GC heap before
{Heap before GC invocations=1 (full 0):
 garbage-first heap   total 126976K, used 18359K [0x0000000084e00000, 0x0000000100000000)
  region size 1024K, 15 young (15360K), 2 survivors (2048K)
 Metaspace       used 13978K, capacity 14190K, committed 14336K, reserved 1062912K
  class space    used 1376K, capacity 1444K, committed 1536K, reserved 1048576K
}
Event: 1.299 GC heap after
{Heap after GC invocations=2 (full 0):
 garbage-first heap   total 126976K, used 6437K [0x0000000084e00000, 0x0000000100000000)
  region size 1024K, 2 young (2048K), 2 survivors (2048K)
 Metaspace       used 13978K, capacity 14190K, committed 14336K, reserved 1062912K
  class space    used 1376K, capacity 1444K, committed 1536K, reserved 1048576K
}
Event: 1.683 GC heap before
{Heap before GC invocations=2 (full 0):
 garbage-first heap   total 126976K, used 27941K [0x0000000084e00000, 0x0000000100000000)
  region size 1024K, 23 young (23552K), 2 survivors (2048K)
 Metaspace       used 17864K, capacity 18167K, committed 18432K, reserved 1064960K
  class space    used 1832K, capacity 1938K, committed 2048K, reserved 1048576K
}
Event: 1.694 GC heap after
{Heap after GC invocations=3 (full 0):
 garbage-first heap   total 126976K, used 8816K [0x0000000084e00000, 0x0000000100000000)
  region size 1024K, 3 young (3072K), 3 survivors (3072K)
 Metaspace       used 17864K, capacity 18167K, committed 18432K, reserved 1064960K
  class space    used 1832K, capacity 1938K, committed 2048K, reserved 1048576K
}
Event: 2.176 GC heap before
{Heap before GC invocations=3 (full 0):
 garbage-first heap   total 126976K, used 47728K [0x0000000084e00000, 0x0000000100000000)
  region size 1024K, 42 young (43008K), 3 survivors (3072K)
 Metaspace       used 20854K, capacity 21088K, committed 21248K, reserved 1069056K
  class space    used 2198K, capacity 2293K, committed 2304K, reserved 1048576K
}
Event: 2.190 GC heap after
{Heap after GC invocations=4 (full 0):
 garbage-first heap   total 126976K, used 11645K [0x0000000084e00000, 0x0000000100000000)
  region size 1024K, 6 young (6144K), 6 survivors (6144K)
 Metaspace       used 20854K, capacity 21088K, committed 21248K, reserved 1069056K
  class space    used 2198K, capacity 2293K, committed 2304K, reserved 1048576K
}
Event: 2.462 GC heap before
{Heap before GC invocations=5 (full 0):
 garbage-first heap   total 45056K, used 32125K [0x0000000084e00000, 0x0000000100000000)
  region size 1024K, 26 young (26624K), 6 survivors (6144K)
 Metaspace       used 24019K, capacity 24288K, committed 24448K, reserved 1071104K
  class space    used 2588K, capacity 2677K, committed 2688K, reserved 1048576K
}
Event: 2.479 GC heap after
{Heap after GC invocations=6 (full 0):
 garbage-first heap   total 54272K, used 12770K [0x0000000084e00000, 0x0000000100000000)
  region size 1024K, 2 young (2048K), 2 survivors (2048K)
 Metaspace       used 24019K, capacity 24288K, committed 24448K, reserved 1071104K
  class space    used 2588K, capacity 2677K, committed 2688K, reserved 1048576K
}
Event: 3.327 GC heap before
{Heap before GC invocations=6 (full 0):
 garbage-first heap   total 54272K, used 37346K [0x0000000084e00000, 0x0000000100000000)
  region size 1024K, 26 young (26624K), 2 survivors (2048K)
 Metaspace       used 26862K, capacity 27190K, committed 27520K, reserved 1073152K
  class space    used 3008K, capacity 3111K, committed 3200K, reserved 1048576K
}
Event: 3.331 GC heap after
{Heap after GC invocations=7 (full 0):
 garbage-first heap   total 54272K, used 12840K [0x0000000084e00000, 0x0000000100000000)
  region size 1024K, 2 young (2048K), 2 survivors (2048K)
 Metaspace       used 26862K, capacity 27190K, committed 27520K, reserved 1073152K
  class space    used 3008K, capacity 3111K, committed 3200K, reserved 1048576K
}
Event: 4.797 GC heap before
{Heap before GC invocations=7 (full 0):
 garbage-first heap   total 54272K, used 42536K [0x0000000084e00000, 0x0000000100000000)
  region size 1024K, 27 young (27648K), 2 survivors (2048K)
 Metaspace       used 29598K, capacity 29951K, committed 30208K, reserved 1075200K
  class space    used 3379K, capacity 3498K, committed 3584K, reserved 1048576K
}
Event: 4.803 GC heap after
{Heap after GC invocations=8 (full 0):
 garbage-first heap   total 54272K, used 18763K [0x0000000084e00000, 0x0000000100000000)
  region size 1024K, 3 young (3072K), 3 survivors (3072K)
 Metaspace       used 29598K, capacity 29951K, committed 30208K, reserved 1075200K
  class space    used 3379K, capacity 3498K, committed 3584K, reserved 1048576K
}
Event: 101.062 GC heap before
{Heap before GC invocations=8 (full 0):
 garbage-first heap   total 54272K, used 39243K [0x0000000084e00000, 0x0000000100000000)
  region size 1024K, 24 young (24576K), 3 survivors (3072K)
 Metaspace       used 31343K, capacity 31703K, committed 31872K, reserved 1077248K
  class space    used 3595K, capacity 3695K, committed 3712K, reserved 1048576K
}
Event: 101.071 GC heap after
{Heap after GC invocations=9 (full 0):
 garbage-first heap   total 54272K, used 19614K [0x0000000084e00000, 0x0000000100000000)
  region size 1024K, 3 young (3072K), 3 survivors (3072K)
 Metaspace       used 31343K, capacity 31703K, committed 31872K, reserved 1077248K
  class space    used 3595K, capacity 3695K, committed 3712K, reserved 1048576K
}
Event: 786.299 GC heap before
{Heap before GC invocations=9 (full 0):
 garbage-first heap   total 54272K, used 41118K [0x0000000084e00000, 0x0000000100000000)
  region size 1024K, 24 young (24576K), 3 survivors (3072K)
 Metaspace       used 31355K, capacity 31703K, committed 31872K, reserved 1077248K
  class space    used 3595K, capacity 3695K, committed 3712K, reserved 1048576K
}
Event: 786.308 GC heap after
{Heap after GC invocations=10 (full 0):
 garbage-first heap   total 54272K, used 19685K [0x0000000084e00000, 0x0000000100000000)
  region size 1024K, 1 young (1024K), 1 survivors (1024K)
 Metaspace       used 31355K, capacity 31703K, committed 31872K, reserved 1077248K
  class space    used 3595K, capacity 3695K, committed 3712K, reserved 1048576K
}
Event: 1549.642 GC heap before
{Heap before GC invocations=10 (full 0):
 garbage-first heap   total 54272K, used 43237K [0x0000000084e00000, 0x0000000100000000)
  region size 1024K, 24 young (24576K), 1 survivors (1024K)
 Metaspace       used 31357K, capacity 31706K, committed 31872K, reserved 1077248K
  class space    used 3595K, capacity 3696K, committed 3712K, reserved 1048576K
}
Event: 1549.646 GC heap after
{Heap after GC invocations=11 (full 0):
 garbage-first heap   total 54272K, used 19647K [0x0000000084e00000, 0x0000000100000000)
  region size 1024K, 1 young (1024K), 1 survivors (1024K)
 Metaspace       used 31357K, capacity 31706K, committed 31872K, reserved 1077248K
  class space    used 3595K, capacity 3696K, committed 3712K, reserved 1048576K
}
Event: 2341.680 GC heap before
{Heap before GC invocations=11 (full 0):
 garbage-first heap   total 54272K, used 44223K [0x0000000084e00000, 0x0000000100000000)
  region size 1024K, 25 young (25600K), 1 survivors (1024K)
 Metaspace       used 31370K, capacity 31706K, committed 31872K, reserved 1077248K
  class space    used 3596K, capacity 3696K, committed 3712K, reserved 1048576K
}

