# JRE version: OpenJDK Runtime Environment (15.0.1+9) (build 15.0.1+9-18)
# Java VM: OpenJDK 64-Bit Server VM (15.0.1+9-18, mixed mode, tiered, compressed oops, g1 gc, windows-amd64)
GC Precious Log:
 CPUs: 4 total, 4 available
 Memory: 7878M
 Large Page Support: Disabled
 NUMA Support: Disabled
 Compressed Oops: Enabled (32-bit)
 Heap Region Size: 1M
 Heap Min Capacity: 8M
 Heap Initial Capacity: 124M
 Heap Max Capacity: 1970M
 Pre-touch: Disabled
 Parallel Workers: 4
 Concurrent Workers: 1
 Concurrent Refinement Workers: 4
 Periodic GC: Disabled
Heap:
 garbage-first heap   total 61440K, used 49646K [0x0000000084e00000, 0x0000000100000000)
  region size 1024K, 26 young (26624K), 2 survivors (2048K)
 Metaspace       used 31518K, capacity 31834K, committed 31996K, reserved 1077248K
  class space    used 3601K, capacity 3696K, committed 3836K, reserved 1048576K
GC Heap History (19 events):
Event: 0.957 GC heap before
{Heap before GC invocations=0 (full 0):
 garbage-first heap   total 126976K, used 12288K [0x0000000084e00000, 0x0000000100000000)
  region size 1024K, 13 young (13312K), 0 survivors (0K)
 Metaspace       used 6352K, capacity 6379K, committed 6528K, reserved 1056768K
  class space    used 529K, capacity 553K, committed 640K, reserved 1048576K
}
Event: 0.967 GC heap after
{Heap after GC invocations=1 (full 0):
 garbage-first heap   total 126976K, used 5120K [0x0000000084e00000, 0x0000000100000000)
  region size 1024K, 2 young (2048K), 2 survivors (2048K)
 Metaspace       used 6352K, capacity 6379K, committed 6528K, reserved 1056768K
  class space    used 529K, capacity 553K, committed 640K, reserved 1048576K
}
Event: 1.677 GC heap before
{Heap before GC invocations=1 (full 0):
 garbage-first heap   total 126976K, used 18432K [0x0000000084e00000, 0x0000000100000000)
  region size 1024K, 15 young (15360K), 2 survivors (2048K)
 Metaspace       used 14594K, capacity 14804K, committed 15104K, reserved 1062912K
  class space    used 1418K, capacity 1478K, committed 1536K, reserved 1048576K
}
Event: 1.688 GC heap after
{Heap after GC invocations=2 (full 0):
 garbage-first heap   total 126976K, used 7543K [0x0000000084e00000, 0x0000000100000000)
  region size 1024K, 2 young (2048K), 2 survivors (2048K)
 Metaspace       used 14594K, capacity 14804K, committed 15104K, reserved 1062912K
  class space    used 1418K, capacity 1478K, committed 1536K, reserved 1048576K
}
Event: 2.093 GC heap before
{Heap before GC invocations=2 (full 0):
 garbage-first heap   total 126976K, used 26999K [0x0000000084e00000, 0x0000000100000000)
  region size 1024K, 21 young (21504K), 2 survivors (2048K)
 Metaspace       used 17774K, capacity 18071K, committed 18304K, reserved 1064960K
  class space    used 1812K, capacity 1906K, committed 1920K, reserved 1048576K
}
Event: 2.104 GC heap after
{Heap after GC invocations=3 (full 0):
 garbage-first heap   total 126976K, used 9344K [0x0000000084e00000, 0x0000000100000000)
  region size 1024K, 2 young (2048K), 2 survivors (2048K)
 Metaspace       used 17774K, capacity 18071K, committed 18304K, reserved 1064960K
  class space    used 1812K, capacity 1906K, committed 1920K, reserved 1048576K
}
Event: 2.687 GC heap before
{Heap before GC invocations=3 (full 0):
 garbage-first heap   total 126976K, used 51328K [0x0000000084e00000, 0x0000000100000000)
  region size 1024K, 44 young (45056K), 2 survivors (2048K)
 Metaspace       used 20966K, capacity 21216K, committed 21248K, reserved 1069056K
  class space    used 2208K, capacity 2293K, committed 2304K, reserved 1048576K
}
Event: 2.698 GC heap after
{Heap after GC invocations=4 (full 0):
 garbage-first heap   total 126976K, used 11788K [0x0000000084e00000, 0x0000000100000000)
  region size 1024K, 5 young (5120K), 5 survivors (5120K)
 Metaspace       used 20966K, capacity 21216K, committed 21248K, reserved 1069056K
  class space    used 2208K, capacity 2293K, committed 2304K, reserved 1048576K
}
Event: 3.071 GC heap before
{Heap before GC invocations=5 (full 0):
 garbage-first heap   total 51200K, used 37388K [0x0000000084e00000, 0x0000000100000000)
  region size 1024K, 30 young (30720K), 5 survivors (5120K)
 Metaspace       used 24566K, capacity 24864K, committed 25084K, reserved 1071104K
  class space    used 2643K, capacity 2741K, committed 2812K, reserved 1048576K
}
Event: 3.082 GC heap after
{Heap after GC invocations=6 (full 0):
 garbage-first heap   total 61440K, used 12567K [0x0000000084e00000, 0x0000000100000000)
  region size 1024K, 1 young (1024K), 1 survivors (1024K)
 Metaspace       used 24566K, capacity 24864K, committed 25084K, reserved 1071104K
  class space    used 2643K, capacity 2741K, committed 2812K, reserved 1048576K
}
Event: 4.145 GC heap before
{Heap before GC invocations=6 (full 0):
 garbage-first heap   total 61440K, used 43287K [0x0000000084e00000, 0x0000000100000000)
  region size 1024K, 31 young (31744K), 1 survivors (1024K)
 Metaspace       used 27996K, capacity 28351K, committed 28668K, reserved 1075200K
  class space    used 3137K, capacity 3242K, committed 3324K, reserved 1048576K
}
Event: 4.152 GC heap after
{Heap after GC invocations=7 (full 0):
 garbage-first heap   total 61440K, used 13476K [0x0000000084e00000, 0x0000000100000000)
  region size 1024K, 2 young (2048K), 2 survivors (2048K)
 Metaspace       used 27996K, capacity 28351K, committed 28668K, reserved 1075200K
  class space    used 3137K, capacity 3242K, committed 3324K, reserved 1048576K
}
Event: 11.725 GC heap before
{Heap before GC invocations=7 (full 0):
 garbage-first heap   total 61440K, used 49316K [0x0000000084e00000, 0x0000000100000000)
  region size 1024K, 32 young (32768K), 2 survivors (2048K)
 Metaspace       used 31293K, capacity 31639K, committed 31996K, reserved 1077248K
  class space    used 3585K, capacity 3695K, committed 3836K, reserved 1048576K
}
Event: 11.737 GC heap after
{Heap after GC invocations=8 (full 0):
 garbage-first heap   total 61440K, used 19906K [0x0000000084e00000, 0x0000000100000000)
  region size 1024K, 4 young (4096K), 4 survivors (4096K)
 Metaspace       used 31293K, capacity 31639K, committed 31996K, reserved 1077248K
  class space    used 3585K, capacity 3695K, committed 3836K, reserved 1048576K
}
Event: 124.772 GC heap before
{Heap before GC invocations=8 (full 0):
 garbage-first heap   total 61440K, used 44482K [0x0000000084e00000, 0x0000000100000000)
  region size 1024K, 29 young (29696K), 4 survivors (4096K)
 Metaspace       used 31395K, capacity 31703K, committed 31996K, reserved 1077248K
  class space    used 3597K, capacity 3695K, committed 3836K, reserved 1048576K
}
Event: 124.783 GC heap after
{Heap after GC invocations=9 (full 0):
 garbage-first heap   total 61440K, used 19985K [0x0000000084e00000, 0x0000000100000000)
  region size 1024K, 2 young (2048K), 2 survivors (2048K)
 Metaspace       used 31395K, capacity 31703K, committed 31996K, reserved 1077248K
  class space    used 3597K, capacity 3695K, committed 3836K, reserved 1048576K
}
Event: 775.706 GC heap before
{Heap before GC invocations=9 (full 0):
 garbage-first heap   total 61440K, used 51729K [0x0000000084e00000, 0x0000000100000000)
  region size 1024K, 29 young (29696K), 2 survivors (2048K)
 Metaspace       used 31466K, capacity 31767K, committed 31996K, reserved 1077248K
  class space    used 3598K, capacity 3695K, committed 3836K, reserved 1048576K
}
Event: 775.713 GC heap after
{Heap after GC invocations=10 (full 0):
 garbage-first heap   total 61440K, used 25070K [0x0000000084e00000, 0x0000000100000000)
  region size 1024K, 2 young (2048K), 2 survivors (2048K)
 Metaspace       used 31466K, capacity 31767K, committed 31996K, reserved 1077248K
  class space    used 3598K, capacity 3695K, committed 3836K, reserved 1048576K
}
Event: 1554.140 GC heap before
{Heap before GC invocations=10 (full 0):
 garbage-first heap   total 61440K, used 49646K [0x0000000084e00000, 0x0000000100000000)
  region size 1024K, 26 young (26624K), 2 survivors (2048K)
 Metaspace       used 31518K, capacity 31834K, committed 31996K, reserved 1077248K
  class space    used 3601K, capacity 3696K, committed 3836K, reserved 1048576K
}

